<?xml version="1.0" encoding="UTF-8"?>
<testng-results skipped="0" failed="0" ignored="0" total="1" passed="1">
  <reporter-output>
  </reporter-output>
  <suite name="Suite" duration-ms="13440" started-at="2021-01-12T11:30:45Z" finished-at="2021-01-12T11:30:59Z">
    <groups>
    </groups>
    <test name="Test" duration-ms="13440" started-at="2021-01-12T11:30:45Z" finished-at="2021-01-12T11:30:59Z">
      <class name="org.com.Sample">
        <test-method status="PASS" signature="BeforeClass()[pri:0, instance:org.com.Sample@13deb50e]" name="BeforeClass" is-config="true" duration-ms="8101" started-at="2021-01-12T11:30:45Z" finished-at="2021-01-12T11:30:54Z">
          <reporter-output>
          </reporter-output>
        </test-method> <!-- BeforeClass -->
        <test-method status="PASS" signature="testMethod()[pri:0, instance:org.com.Sample@13deb50e]" name="testMethod" duration-ms="5275" started-at="2021-01-12T11:30:54Z" finished-at="2021-01-12T11:30:59Z">
          <reporter-output>
          </reporter-output>
        </test-method> <!-- testMethod -->
      </class> <!-- org.com.Sample -->
    </test> <!-- Test -->
  </suite> <!-- Suite -->
</testng-results>
